{"/Users/jyotiraditya/Desktop/falabella/Project-2/src/controllers/courseController.js": {"path":"/Users/jyotiraditya/Desktop/falabella/Project-2/src/controllers/courseController.js","statementMap":{"0":{"start":{"line":1,"column":15},"end":{"line":1,"column":42}},"1":{"start":{"line":4,"column":0},"end":{"line":11,"column":1}},"2":{"start":{"line":5,"column":4},"end":{"line":10,"column":5}},"3":{"start":{"line":6,"column":24},"end":{"line":6,"column":43}},"4":{"start":{"line":7,"column":8},"end":{"line":7,"column":22}},"5":{"start":{"line":9,"column":8},"end":{"line":9,"column":19}},"6":{"start":{"line":15,"column":0},"end":{"line":23,"column":1}},"7":{"start":{"line":16,"column":4},"end":{"line":22,"column":5}},"8":{"start":{"line":17,"column":25},"end":{"line":17,"column":38}},"9":{"start":{"line":18,"column":23},"end":{"line":18,"column":54}},"10":{"start":{"line":19,"column":8},"end":{"line":19,"column":21}},"11":{"start":{"line":21,"column":8},"end":{"line":21,"column":19}},"12":{"start":{"line":25,"column":0},"end":{"line":34,"column":1}},"13":{"start":{"line":26,"column":4},"end":{"line":33,"column":5}},"14":{"start":{"line":27,"column":23},"end":{"line":27,"column":43}},"15":{"start":{"line":30,"column":8},"end":{"line":30,"column":28}},"16":{"start":{"line":32,"column":8},"end":{"line":32,"column":19}},"17":{"start":{"line":37,"column":0},"end":{"line":47,"column":1}},"18":{"start":{"line":38,"column":4},"end":{"line":46,"column":5}},"19":{"start":{"line":39,"column":25},"end":{"line":39,"column":38}},"20":{"start":{"line":40,"column":23},"end":{"line":40,"column":31}},"21":{"start":{"line":41,"column":35},"end":{"line":41,"column":41}},"22":{"start":{"line":42,"column":23},"end":{"line":42,"column":90}},"23":{"start":{"line":43,"column":8},"end":{"line":43,"column":21}},"24":{"start":{"line":45,"column":8},"end":{"line":45,"column":19}},"25":{"start":{"line":50,"column":0},"end":{"line":58,"column":1}},"26":{"start":{"line":51,"column":4},"end":{"line":57,"column":5}},"27":{"start":{"line":52,"column":24},"end":{"line":52,"column":37}},"28":{"start":{"line":53,"column":22},"end":{"line":53,"column":56}},"29":{"start":{"line":54,"column":7},"end":{"line":54,"column":20}},"30":{"start":{"line":56,"column":8},"end":{"line":56,"column":19}}},"fnMap":{"0":{"name":"(anonymous_0)","decl":{"start":{"line":4,"column":20},"end":{"line":4,"column":21}},"loc":{"start":{"line":4,"column":40},"end":{"line":11,"column":1}},"line":4},"1":{"name":"(anonymous_1)","decl":{"start":{"line":15,"column":26},"end":{"line":15,"column":27}},"loc":{"start":{"line":15,"column":47},"end":{"line":23,"column":1}},"line":15},"2":{"name":"(anonymous_2)","decl":{"start":{"line":25,"column":20},"end":{"line":25,"column":21}},"loc":{"start":{"line":25,"column":40},"end":{"line":34,"column":1}},"line":25},"3":{"name":"(anonymous_3)","decl":{"start":{"line":37,"column":23},"end":{"line":37,"column":24}},"loc":{"start":{"line":37,"column":44},"end":{"line":47,"column":1}},"line":37},"4":{"name":"(anonymous_4)","decl":{"start":{"line":50,"column":23},"end":{"line":50,"column":24}},"loc":{"start":{"line":50,"column":44},"end":{"line":58,"column":1}},"line":50}},"branchMap":{},"s":{"0":1,"1":1,"2":0,"3":0,"4":0,"5":0,"6":1,"7":0,"8":0,"9":0,"10":0,"11":0,"12":1,"13":0,"14":0,"15":0,"16":0,"17":1,"18":0,"19":0,"20":0,"21":0,"22":0,"23":0,"24":0,"25":1,"26":0,"27":0,"28":0,"29":0,"30":0},"f":{"0":0,"1":0,"2":0,"3":0,"4":0},"b":{},"_coverageSchema":"1a1c01bbd47fc00a2c39e90264f33305004495a9","hash":"c5420b8304f801727d72c448b4f0915fe890c02a"}
,"/Users/jyotiraditya/Desktop/falabella/Project-2/src/models/course.js": {"path":"/Users/jyotiraditya/Desktop/falabella/Project-2/src/models/course.js","statementMap":{"0":{"start":{"line":1,"column":17},"end":{"line":1,"column":36}},"1":{"start":{"line":3,"column":21},"end":{"line":8,"column":2}},"2":{"start":{"line":10,"column":0},"end":{"line":10,"column":54}}},"fnMap":{},"branchMap":{},"s":{"0":1,"1":1,"2":1},"f":{},"b":{},"_coverageSchema":"1a1c01bbd47fc00a2c39e90264f33305004495a9","hash":"5f9f0b9e8c8fd21614427c2b801e66e85dbc7b67"}
}
