{"/Users/jyotiraditya/Desktop/falabella/Project-2/src/models/course.js": {"path":"/Users/jyotiraditya/Desktop/falabella/Project-2/src/models/course.js","statementMap":{"0":{"start":{"line":1,"column":17},"end":{"line":1,"column":36}},"1":{"start":{"line":3,"column":21},"end":{"line":8,"column":2}},"2":{"start":{"line":10,"column":0},"end":{"line":10,"column":54}}},"fnMap":{},"branchMap":{},"s":{"0":1,"1":1,"2":1},"f":{},"b":{},"_coverageSchema":"1a1c01bbd47fc00a2c39e90264f33305004495a9","hash":"5f9f0b9e8c8fd21614427c2b801e66e85dbc7b67"}
}
