TN:
SF:src/controllers/courseController.js
FN:4,(anonymous_0)
FN:15,(anonymous_1)
FN:25,(anonymous_2)
FN:37,(anonymous_3)
FN:50,(anonymous_4)
FNF:5
FNH:0
FNDA:0,(anonymous_0)
FNDA:0,(anonymous_1)
FNDA:0,(anonymous_2)
FNDA:0,(anonymous_3)
FNDA:0,(anonymous_4)
DA:1,1
DA:4,1
DA:5,0
DA:6,0
DA:7,0
DA:9,0
DA:15,1
DA:16,0
DA:17,0
DA:18,0
DA:19,0
DA:21,0
DA:25,1
DA:26,0
DA:27,0
DA:30,0
DA:32,0
DA:37,1
DA:38,0
DA:39,0
DA:40,0
DA:41,0
DA:42,0
DA:43,0
DA:45,0
DA:50,1
DA:51,0
DA:52,0
DA:53,0
DA:54,0
DA:56,0
LF:31
LH:6
BRF:0
BRH:0
end_of_record
TN:
SF:src/models/course.js
FNF:0
FNH:0
DA:1,1
DA:3,1
DA:10,1
LF:3
LH:3
BRF:0
BRH:0
end_of_record
